-------------------------------------------------------------------------------
Test set: com.reminder.Login.testcases.TC_01_Create_Reminder
-------------------------------------------------------------------------------
Tests run: 3, Failures: 2, Errors: 0, Skipped: 1, Time elapsed: 84.615 sec <<< FAILURE!
createReminder(com.reminder.Login.testcases.TC_01_Create_Reminder)  Time elapsed: 5.024 sec  <<< FAILURE!
org.openqa.selenium.WebDriverException: An unknown server-side error occurred while processing the command. Original error: Could not proxy command to remote server. Original error: Error: socket hang up
Build info: version: '3.141.59', revision: 'e82be7d358', time: '2018-11-14T08:17:03'
System info: host: 'DESKTOP-165ABPJ', ip: '192.168.1.4', os.name: 'Windows 10', os.arch: 'amd64', os.version: '10.0', java.version: '1.8.0_202'
Driver info: io.appium.java_client.android.AndroidDriver
Capabilities {appActivity: com.example.reminder_app.Ma..., appPackage: com.example.reminder_app, databaseEnabled: false, desired: {appActivity: com.example.reminder_app.Ma..., appPackage: com.example.reminder_app, deviceName: OnePlus 5T, noReset: false, platformName: android, platformVersion: 9, skipUnlock: true, udid: c9f5edbb}, deviceApiLevel: 28, deviceManufacturer: OnePlus, deviceModel: ONEPLUS A5010, deviceName: c9f5edbb, deviceScreenDensity: 420, deviceScreenSize: 1080x2160, deviceUDID: c9f5edbb, javascriptEnabled: true, locationContextEnabled: false, networkConnectionEnabled: true, noReset: false, pixelRatio: 2.625, platform: LINUX, platformName: Android, platformVersion: 9, skipUnlock: true, statBarHeight: 63, takesScreenshot: true, udid: c9f5edbb, viewportRect: {height: 1971, left: 0, top: 63, width: 1080}, warnings: {}, webStorageEnabled: false}
Session ID: 204dca14-6ddd-4835-b92f-e58b5147c4c6
*** Element info: {Using=xpath, value=//android.widget.EditText[@text='Password']}
	at sun.reflect.NativeConstructorAccessorImpl.newInstance0(Native Method)
	at sun.reflect.NativeConstructorAccessorImpl.newInstance(NativeConstructorAccessorImpl.java:62)
	at sun.reflect.DelegatingConstructorAccessorImpl.newInstance(DelegatingConstructorAccessorImpl.java:45)
	at java.lang.reflect.Constructor.newInstance(Constructor.java:423)
	at org.openqa.selenium.remote.http.W3CHttpResponseCodec.createException(W3CHttpResponseCodec.java:187)
	at org.openqa.selenium.remote.http.W3CHttpResponseCodec.decode(W3CHttpResponseCodec.java:122)
	at org.openqa.selenium.remote.http.W3CHttpResponseCodec.decode(W3CHttpResponseCodec.java:49)
	at org.openqa.selenium.remote.HttpCommandExecutor.execute(HttpCommandExecutor.java:158)
	at io.appium.java_client.remote.AppiumCommandExecutor.execute(AppiumCommandExecutor.java:239)
	at org.openqa.selenium.remote.RemoteWebDriver.execute(RemoteWebDriver.java:552)
	at io.appium.java_client.DefaultGenericMobileDriver.execute(DefaultGenericMobileDriver.java:42)
	at io.appium.java_client.AppiumDriver.execute(AppiumDriver.java:1)
	at io.appium.java_client.android.AndroidDriver.execute(AndroidDriver.java:1)
	at org.openqa.selenium.remote.RemoteWebDriver.findElement(RemoteWebDriver.java:323)
	at io.appium.java_client.DefaultGenericMobileDriver.findElement(DefaultGenericMobileDriver.java:62)
	at io.appium.java_client.AppiumDriver.findElement(AppiumDriver.java:1)
	at io.appium.java_client.android.AndroidDriver.findElement(AndroidDriver.java:1)
	at org.openqa.selenium.remote.RemoteWebDriver.findElementByXPath(RemoteWebDriver.java:428)
	at io.appium.java_client.DefaultGenericMobileDriver.findElementByXPath(DefaultGenericMobileDriver.java:152)
	at io.appium.java_client.AppiumDriver.findElementByXPath(AppiumDriver.java:1)
	at io.appium.java_client.android.AndroidDriver.findElementByXPath(AndroidDriver.java:1)
	at org.openqa.selenium.By$ByXPath.findElement(By.java:353)
	at org.openqa.selenium.remote.RemoteWebDriver.findElement(RemoteWebDriver.java:315)
	at io.appium.java_client.DefaultGenericMobileDriver.findElement(DefaultGenericMobileDriver.java:58)
	at io.appium.java_client.AppiumDriver.findElement(AppiumDriver.java:1)
	at io.appium.java_client.android.AndroidDriver.findElement(AndroidDriver.java:1)
	at org.openqa.selenium.support.pagefactory.DefaultElementLocator.findElement(DefaultElementLocator.java:69)
	at org.openqa.selenium.support.pagefactory.internal.LocatingElementHandler.invoke(LocatingElementHandler.java:38)
	at com.sun.proxy.$Proxy9.click(Unknown Source)
	at com.reminder.pageobjects.LoginPage.enterPassword(LoginPage.java:57)
	at com.reminder.Login.testcases.TC_01_Create_Reminder.createReminder(TC_01_Create_Reminder.java:30)

checkResult(com.reminder.Login.testcases.TC_01_Create_Reminder)  Time elapsed: 5.077 sec  <<< FAILURE!
org.testng.internal.InvokeMethodRunnable$TestNGRuntimeException: org.openqa.selenium.WebDriverException: An unknown server-side error occurred while processing the command. Original error: Could not proxy command to remote server. Original error: Error: socket hang up
Build info: version: '3.141.59', revision: 'e82be7d358', time: '2018-11-14T08:17:03'
System info: host: 'DESKTOP-165ABPJ', ip: '192.168.1.4', os.name: 'Windows 10', os.arch: 'amd64', os.version: '10.0', java.version: '1.8.0_202'
Driver info: io.appium.java_client.android.AndroidDriver
Capabilities {appActivity: com.example.reminder_app.Ma..., appPackage: com.example.reminder_app, databaseEnabled: false, desired: {appActivity: com.example.reminder_app.Ma..., appPackage: com.example.reminder_app, deviceName: OnePlus 5T, noReset: false, platformName: android, platformVersion: 9, skipUnlock: true, udid: c9f5edbb}, deviceApiLevel: 28, deviceManufacturer: OnePlus, deviceModel: ONEPLUS A5010, deviceName: c9f5edbb, deviceScreenDensity: 420, deviceScreenSize: 1080x2160, deviceUDID: c9f5edbb, javascriptEnabled: true, locationContextEnabled: false, networkConnectionEnabled: true, noReset: false, pixelRatio: 2.625, platform: LINUX, platformName: Android, platformVersion: 9, skipUnlock: true, statBarHeight: 63, takesScreenshot: true, udid: c9f5edbb, viewportRect: {height: 1971, left: 0, top: 63, width: 1080}, warnings: {}, webStorageEnabled: false}
Session ID: 204dca14-6ddd-4835-b92f-e58b5147c4c6
	at org.testng.internal.InvokeMethodRunnable.runOne(InvokeMethodRunnable.java:53)
	at org.testng.internal.InvokeMethodRunnable.call(InvokeMethodRunnable.java:71)
	at org.testng.internal.InvokeMethodRunnable.call(InvokeMethodRunnable.java:13)
	at java.util.concurrent.FutureTask.run(FutureTask.java:266)
	at java.util.concurrent.ThreadPoolExecutor.runWorker(ThreadPoolExecutor.java:1149)
	at java.util.concurrent.ThreadPoolExecutor$Worker.run(ThreadPoolExecutor.java:624)
	at java.lang.Thread.run(Thread.java:748)
Caused by: org.openqa.selenium.WebDriverException: An unknown server-side error occurred while processing the command. Original error: Could not proxy command to remote server. Original error: Error: socket hang up
Build info: version: '3.141.59', revision: 'e82be7d358', time: '2018-11-14T08:17:03'
System info: host: 'DESKTOP-165ABPJ', ip: '192.168.1.4', os.name: 'Windows 10', os.arch: 'amd64', os.version: '10.0', java.version: '1.8.0_202'
Driver info: io.appium.java_client.android.AndroidDriver
Capabilities {appActivity: com.example.reminder_app.Ma..., appPackage: com.example.reminder_app, databaseEnabled: false, desired: {appActivity: com.example.reminder_app.Ma..., appPackage: com.example.reminder_app, deviceName: OnePlus 5T, noReset: false, platformName: android, platformVersion: 9, skipUnlock: true, udid: c9f5edbb}, deviceApiLevel: 28, deviceManufacturer: OnePlus, deviceModel: ONEPLUS A5010, deviceName: c9f5edbb, deviceScreenDensity: 420, deviceScreenSize: 1080x2160, deviceUDID: c9f5edbb, javascriptEnabled: true, locationContextEnabled: false, networkConnectionEnabled: true, noReset: false, pixelRatio: 2.625, platform: LINUX, platformName: Android, platformVersion: 9, skipUnlock: true, statBarHeight: 63, takesScreenshot: true, udid: c9f5edbb, viewportRect: {height: 1971, left: 0, top: 63, width: 1080}, warnings: {}, webStorageEnabled: false}
Session ID: 204dca14-6ddd-4835-b92f-e58b5147c4c6
	at sun.reflect.NativeConstructorAccessorImpl.newInstance0(Native Method)
	at sun.reflect.NativeConstructorAccessorImpl.newInstance(NativeConstructorAccessorImpl.java:62)
	at sun.reflect.DelegatingConstructorAccessorImpl.newInstance(DelegatingConstructorAccessorImpl.java:45)
	at java.lang.reflect.Constructor.newInstance(Constructor.java:423)
	at org.openqa.selenium.remote.http.W3CHttpResponseCodec.createException(W3CHttpResponseCodec.java:187)
	at org.openqa.selenium.remote.http.W3CHttpResponseCodec.decode(W3CHttpResponseCodec.java:122)
	at org.openqa.selenium.remote.http.W3CHttpResponseCodec.decode(W3CHttpResponseCodec.java:49)
	at org.openqa.selenium.remote.HttpCommandExecutor.execute(HttpCommandExecutor.java:158)
	at io.appium.java_client.remote.AppiumCommandExecutor.execute(AppiumCommandExecutor.java:239)
	at org.openqa.selenium.remote.RemoteWebDriver.execute(RemoteWebDriver.java:552)
	at io.appium.java_client.DefaultGenericMobileDriver.execute(DefaultGenericMobileDriver.java:46)
	at io.appium.java_client.AppiumDriver.execute(AppiumDriver.java:1)
	at io.appium.java_client.android.AndroidDriver.execute(AndroidDriver.java:1)
	at org.openqa.selenium.remote.RemoteWebDriver.getScreenshotAs(RemoteWebDriver.java:295)
	at helperMethods.Screenshots.takeScreenshot(Screenshots.java:32)
	at base.BaseClass.checkResult(BaseClass.java:145)
	at sun.reflect.NativeMethodAccessorImpl.invoke0(Native Method)
	at sun.reflect.NativeMethodAccessorImpl.invoke(NativeMethodAccessorImpl.java:62)
	at sun.reflect.DelegatingMethodAccessorImpl.invoke(DelegatingMethodAccessorImpl.java:43)
	at java.lang.reflect.Method.invoke(Method.java:498)
	at org.testng.internal.MethodInvocationHelper.invokeMethod(MethodInvocationHelper.java:134)
	at org.testng.internal.InvokeMethodRunnable.runOne(InvokeMethodRunnable.java:47)
	... 6 more
Caused by: org.openqa.selenium.WebDriverException: An unknown server-side error occurred while processing the command. Original error: Could not proxy command to remote server. Original error: Error: socket hang up
Build info: version: '3.141.59', revision: 'e82be7d358', time: '2018-11-14T08:17:03'
System info: host: 'DESKTOP-165ABPJ', ip: '192.168.1.4', os.name: 'Windows 10', os.arch: 'amd64', os.version: '10.0', java.version: '1.8.0_202'
Driver info: io.appium.java_client.android.AndroidDriver
Capabilities {appActivity: com.example.reminder_app.Ma..., appPackage: com.example.reminder_app, databaseEnabled: false, desired: {appActivity: com.example.reminder_app.Ma..., appPackage: com.example.reminder_app, deviceName: OnePlus 5T, noReset: false, platformName: android, platformVersion: 9, skipUnlock: true, udid: c9f5edbb}, deviceApiLevel: 28, deviceManufacturer: OnePlus, deviceModel: ONEPLUS A5010, deviceName: c9f5edbb, deviceScreenDensity: 420, deviceScreenSize: 1080x2160, deviceUDID: c9f5edbb, javascriptEnabled: true, locationContextEnabled: false, networkConnectionEnabled: true, noReset: false, pixelRatio: 2.625, platform: LINUX, platformName: Android, platformVersion: 9, skipUnlock: true, statBarHeight: 63, takesScreenshot: true, udid: c9f5edbb, viewportRect: {height: 1971, left: 0, top: 63, width: 1080}, warnings: {}, webStorageEnabled: false}
Session ID: 204dca14-6ddd-4835-b92f-e58b5147c4c6
	at sun.reflect.NativeConstructorAccessorImpl.newInstance0(Native Method)
	at sun.reflect.NativeConstructorAccessorImpl.newInstance(NativeConstructorAccessorImpl.java:62)
	at sun.reflect.DelegatingConstructorAccessorImpl.newInstance(DelegatingConstructorAccessorImpl.java:45)
	at java.lang.reflect.Constructor.newInstance(Constructor.java:423)
	at org.openqa.selenium.remote.http.W3CHttpResponseCodec.createException(W3CHttpResponseCodec.java:187)
	at org.openqa.selenium.remote.http.W3CHttpResponseCodec.decode(W3CHttpResponseCodec.java:122)
	at org.openqa.selenium.remote.http.W3CHttpResponseCodec.decode(W3CHttpResponseCodec.java:49)
	at org.openqa.selenium.remote.HttpCommandExecutor.execute(HttpCommandExecutor.java:158)
	at io.appium.java_client.remote.AppiumCommandExecutor.execute(AppiumCommandExecutor.java:239)
	at org.openqa.selenium.remote.RemoteWebDriver.execute(RemoteWebDriver.java:552)
	at io.appium.java_client.DefaultGenericMobileDriver.execute(DefaultGenericMobileDriver.java:46)
	at io.appium.java_client.AppiumDriver.execute(AppiumDriver.java:1)
	at io.appium.java_client.android.AndroidDriver.execute(AndroidDriver.java:1)
	at org.openqa.selenium.remote.RemoteWebDriver.getScreenshotAs(RemoteWebDriver.java:295)
	at helperMethods.Screenshots.takeScreenshot(Screenshots.java:32)
	at base.BaseClass.checkResult(BaseClass.java:145)
	at sun.reflect.NativeMethodAccessorImpl.invoke0(Native Method)
	at sun.reflect.NativeMethodAccessorImpl.invoke(NativeMethodAccessorImpl.java:62)
	at sun.reflect.DelegatingMethodAccessorImpl.invoke(DelegatingMethodAccessorImpl.java:43)
	at java.lang.reflect.Method.invoke(Method.java:498)
	at org.testng.internal.MethodInvocationHelper.invokeMethod(MethodInvocationHelper.java:134)
	at org.testng.internal.InvokeMethodRunnable.runOne(InvokeMethodRunnable.java:47)
	... 6 more

